1653779685931	geckodriver	INFO	Listening on 127.0.0.1:52861
1653779686035	mozrunner::runner	INFO	Running command: "/usr/bin/firefox" "--marionette" "--remote-debugging-port" "56657" "--remote-allow-hosts" "localhost" "-no-remote" "-profile" "/tmp/rust_mozprofileEzNSX0"
ATTENTION: default value of option mesa_glthread overridden by environment.
ATTENTION: default value of option mesa_glthread overridden by environment.
ATTENTION: default value of option mesa_glthread overridden by environment.
ATTENTION: default value of option mesa_glthread overridden by environment.
1653779686812	Marionette	INFO	Marionette enabled
console.warn: SearchSettings: "get: No settings file exists, new profile?" (new NotFoundError("Could not open the file at /tmp/rust_mozprofileEzNSX0/search.json.mozlz4", (void 0)))
DevTools listening on ws://localhost:56657/devtools/browser/53310e4b-65f9-4030-81db-90bd5ab04fd8
1653779689425	Marionette	INFO	Listening on port 35665
Read port: 35665
1653779689493	RemoteAgent	WARN	TLS certificate errors will be ignored for this session
1653779699958	geckodriver	INFO	Listening on 127.0.0.1:38073
1653779700561	mozrunner::runner	INFO	Running command: "/usr/bin/firefox" "--marionette" "--remote-debugging-port" "57753" "--remote-allow-hosts" "localhost" "-no-remote" "-profile" "/tmp/rust_mozprofilejLEBYC"
ATTENTION: default value of option mesa_glthread overridden by environment.
ATTENTION: default value of option mesa_glthread overridden by environment.
ATTENTION: default value of option mesa_glthread overridden by environment.
ATTENTION: default value of option mesa_glthread overridden by environment.
1653779701776	Marionette	INFO	Marionette enabled
console.warn: SearchSettings: "get: No settings file exists, new profile?" (new NotFoundError("Could not open the file at /tmp/rust_mozprofilejLEBYC/search.json.mozlz4", (void 0)))
DevTools listening on ws://localhost:57753/devtools/browser/8a4c9d5b-a5ec-4736-a037-69fc94956cc6
1653779704948	Marionette	INFO	Listening on port 37481
Read port: 37481
1653779705011	RemoteAgent	WARN	TLS certificate errors will be ignored for this session
1653779707063	Marionette	INFO	Stopped listening on port 37481
console.warn: TopSitesFeed: Failed to fetch data from Contile server: NetworkError when attempting to fetch resource.
JavaScript error: chrome://remote/content/marionette/cert.js, line 55: NS_ERROR_NOT_AVAILABLE: Component returned failure code: 0x80040111 (NS_ERROR_NOT_AVAILABLE) [nsICertOverrideService.setDisableAllSecurityChecksAndLetAttackersInterceptMyData]
1653779793243	geckodriver	INFO	Listening on 127.0.0.1:38449
1653779793819	mozrunner::runner	INFO	Running command: "/usr/bin/firefox" "--marionette" "--remote-debugging-port" "39775" "--remote-allow-hosts" "localhost" "-no-remote" "-profile" "/tmp/rust_mozprofile7pVMBd"
ATTENTION: default value of option mesa_glthread overridden by environment.
ATTENTION: default value of option mesa_glthread overridden by environment.
ATTENTION: default value of option mesa_glthread overridden by environment.
ATTENTION: default value of option mesa_glthread overridden by environment.
1653779794522	Marionette	INFO	Marionette enabled
console.warn: SearchSettings: "get: No settings file exists, new profile?" (new NotFoundError("Could not open the file at /tmp/rust_mozprofile7pVMBd/search.json.mozlz4", (void 0)))
DevTools listening on ws://localhost:39775/devtools/browser/72cdfa5e-89ca-4686-857c-b7e6738df03c
1653779797293	Marionette	INFO	Listening on port 45175
Read port: 45175
1653779797345	RemoteAgent	WARN	TLS certificate errors will be ignored for this session
1653779799257	Marionette	INFO	Stopped listening on port 45175
console.warn: TopSitesFeed: Failed to fetch data from Contile server: NetworkError when attempting to fetch resource.
JavaScript error: chrome://remote/content/marionette/cert.js, line 55: NS_ERROR_NOT_AVAILABLE: Component returned failure code: 0x80040111 (NS_ERROR_NOT_AVAILABLE) [nsICertOverrideService.setDisableAllSecurityChecksAndLetAttackersInterceptMyData]
1653779902938	geckodriver::marionette	ERROR	Failed to close browser connection: Socket not connected (os error 107)
1653779925651	geckodriver	INFO	Listening on 127.0.0.1:34835
1653779926215	mozrunner::runner	INFO	Running command: "/usr/bin/firefox" "--marionette" "--remote-debugging-port" "57759" "--remote-allow-hosts" "localhost" "-no-remote" "-profile" "/tmp/rust_mozprofilejT7j5a"
ATTENTION: default value of option mesa_glthread overridden by environment.
ATTENTION: default value of option mesa_glthread overridden by environment.
ATTENTION: default value of option mesa_glthread overridden by environment.
ATTENTION: default value of option mesa_glthread overridden by environment.
1653779926859	Marionette	INFO	Marionette enabled
console.warn: SearchSettings: "get: No settings file exists, new profile?" (new NotFoundError("Could not open the file at /tmp/rust_mozprofilejT7j5a/search.json.mozlz4", (void 0)))
DevTools listening on ws://localhost:57759/devtools/browser/7d714f5f-e69a-429d-9f59-060c532d8b2a
1653779928631	Marionette	INFO	Listening on port 38535
Read port: 38535
1653779928743	RemoteAgent	WARN	TLS certificate errors will be ignored for this session
JavaScript error: https://www.tiff.net/popper.js, line 1: SyntaxError: expected expression, got '<'
JavaScript warning: https://pagead2.googlesyndication.com/bg/QVskxRw7CvsogGZyHRgqudPcMMWoBc1HqTdFrXgdWFU.js line 2 > eval line 6551 > eval line 1 > eval line 1 > eval, line 1: WEBGL_debug_renderer_info is deprecated in Firefox and will be removed. Please use RENDERER.
1653779974705	Marionette	INFO	Stopped listening on port 38535
console.warn: TopSitesFeed: Failed to fetch data from Contile server: NetworkError when attempting to fetch resource.
JavaScript error: chrome://remote/content/marionette/cert.js, line 55: NS_ERROR_NOT_AVAILABLE: Component returned failure code: 0x80040111 (NS_ERROR_NOT_AVAILABLE) [nsICertOverrideService.setDisableAllSecurityChecksAndLetAttackersInterceptMyData]
1653780010565	Marionette	INFO	Stopped listening on port 35665
console.warn: TopSitesFeed: Failed to fetch data from Contile server: NetworkError when attempting to fetch resource.
Sandbox: Unexpected EOF, op 0 flags 00 path /proc/cpuinfo
1653780102206	geckodriver::marionette	ERROR	Failed to close browser connection: Socket not connected (os error 107)
1653780108775	geckodriver	INFO	Listening on 127.0.0.1:59771
1653780108851	mozrunner::runner	INFO	Running command: "/usr/bin/firefox" "--marionette" "--remote-debugging-port" "41933" "--remote-allow-hosts" "localhost" "-no-remote" "-profile" "/tmp/rust_mozprofileFqSg3a"
ATTENTION: default value of option mesa_glthread overridden by environment.
ATTENTION: default value of option mesa_glthread overridden by environment.
ATTENTION: default value of option mesa_glthread overridden by environment.
ATTENTION: default value of option mesa_glthread overridden by environment.
1653780109550	Marionette	INFO	Marionette enabled
console.warn: SearchSettings: "get: No settings file exists, new profile?" (new NotFoundError("Could not open the file at /tmp/rust_mozprofileFqSg3a/search.json.mozlz4", (void 0)))
DevTools listening on ws://localhost:41933/devtools/browser/a2c93927-a39f-4f81-a078-44788c6bf933
1653780111802	Marionette	INFO	Listening on port 41507
Read port: 41507
1653780111872	RemoteAgent	WARN	TLS certificate errors will be ignored for this session
JavaScript error: https://www.tiff.net/popper.js, line 1: SyntaxError: expected expression, got '<'
JavaScript warning: https://pagead2.googlesyndication.com/bg/QVskxRw7CvsogGZyHRgqudPcMMWoBc1HqTdFrXgdWFU.js line 2 > eval line 6666 > eval line 1 > eval line 1 > eval, line 1: WEBGL_debug_renderer_info is deprecated in Firefox and will be removed. Please use RENDERER.
1653780466370	Marionette	INFO	Stopped listening on port 41507

###!!! [Parent][PContentParent] Error: Send(msgname=PContent::Reply_DiscardBrowsingContext) Closed channel: cannot send/recv


###!!! [Parent][PContentParent] Error: Send(msgname=PContent::Reply_DiscardBrowsingContext) Closed channel: cannot send/recv


###!!! [Parent][PContentParent] Error: Send(msgname=PContent::Reply_DiscardBrowsingContext) Closed channel: cannot send/recv


###!!! [Parent][PContentParent] Error: Send(msgname=PContent::Reply_DiscardBrowsingContext) Closed channel: cannot send/recv


###!!! [Parent][PContentParent] Error: Send(msgname=PContent::Reply_DiscardBrowsingContext) Closed channel: cannot send/recv


###!!! [Parent][PContentParent] Error: Send(msgname=PContent::Reply_DiscardBrowsingContext) Closed channel: cannot send/recv


###!!! [Parent][PContentParent] Error: Send(msgname=PContent::Reply_DiscardBrowsingContext) Closed channel: cannot send/recv


###!!! [Parent][PContentParent] Error: Send(msgname=PContent::Reply_DiscardBrowsingContext) Closed channel: cannot send/recv


###!!! [Parent][PContentParent] Error: Send(msgname=PContent::Reply_DiscardBrowsingContext) Closed channel: cannot send/recv


###!!! [Parent][PContentParent] Error: Send(msgname=PContent::Reply_DiscardBrowsingContext) Closed channel: cannot send/recv


###!!! [Parent][PContentParent] Error: Send(msgname=PContent::Reply_DiscardBrowsingContext) Closed channel: cannot send/recv


###!!! [Parent][PContentParent] Error: Send(msgname=PContent::Msg_DestroyBrowsingContextGroup) Closed channel: cannot send/recv


###!!! [Parent][PContentParent] Error: Send(msgname=PContent::Reply_DiscardBrowsingContext) Closed channel: cannot send/recv

JavaScript error: resource://gre/modules/AsyncShutdown.jsm, line 718: Error: Phase "Sqlite.jsm: wait until all connections are closed" is finished, it is too late to register completion condition "protections.sqlite#0: waiting for shutdown"

###!!! [Parent][PImageBridgeParent] Error: RunMessage(msgname=PImageBridge::Msg_WillClose) Channel closing: too late to send/recv, messages will be lost

Sandbox: Unexpected EOF, op 0 flags 00 path /proc/cpuinfo
1653866464401	geckodriver	INFO	Listening on 127.0.0.1:35971
1653866464961	mozrunner::runner	INFO	Running command: "/usr/bin/firefox" "--marionette" "--remote-debugging-port" "53091" "--remote-allow-hosts" "localhost" "-no-remote" "-profile" "/tmp/rust_mozprofileBODSEb"
ATTENTION: default value of option mesa_glthread overridden by environment.
ATTENTION: default value of option mesa_glthread overridden by environment.
ATTENTION: default value of option mesa_glthread overridden by environment.
ATTENTION: default value of option mesa_glthread overridden by environment.
1653866465661	Marionette	INFO	Marionette enabled
console.warn: SearchSettings: "get: No settings file exists, new profile?" (new NotFoundError("Could not open the file at /tmp/rust_mozprofileBODSEb/search.json.mozlz4", (void 0)))
DevTools listening on ws://localhost:53091/devtools/browser/db77bc82-ab27-43ae-bd48-4ce020e9c22a
1653866468011	Marionette	INFO	Listening on port 37399
Read port: 37399
1653866468097	RemoteAgent	WARN	TLS certificate errors will be ignored for this session
JavaScript error: https://www.tiff.net/popper.js, line 1: SyntaxError: expected expression, got '<'
1653866523659	Marionette	INFO	Stopped listening on port 37399
console.warn: TopSitesFeed: Failed to fetch data from Contile server: NetworkError when attempting to fetch resource.
JavaScript error: chrome://remote/content/marionette/cert.js, line 55: NS_ERROR_NOT_AVAILABLE: Component returned failure code: 0x80040111 (NS_ERROR_NOT_AVAILABLE) [nsICertOverrideService.setDisableAllSecurityChecksAndLetAttackersInterceptMyData]
1653868755439	geckodriver	INFO	Listening on 127.0.0.1:34557
1653868756182	mozrunner::runner	INFO	Running command: "/usr/bin/firefox" "--marionette" "--remote-debugging-port" "42379" "--remote-allow-hosts" "localhost" "-no-remote" "-profile" "/tmp/rust_mozprofile2wkrJI"
ATTENTION: default value of option mesa_glthread overridden by environment.
ATTENTION: default value of option mesa_glthread overridden by environment.
ATTENTION: default value of option mesa_glthread overridden by environment.
ATTENTION: default value of option mesa_glthread overridden by environment.
1653868757418	Marionette	INFO	Marionette enabled
console.warn: SearchSettings: "get: No settings file exists, new profile?" (new NotFoundError("Could not open the file at /tmp/rust_mozprofile2wkrJI/search.json.mozlz4", (void 0)))
DevTools listening on ws://localhost:42379/devtools/browser/192d04a0-92f8-469f-961e-2abd789021fc
1653868759963	Marionette	INFO	Listening on port 35577
Read port: 35577
1653868760064	RemoteAgent	WARN	TLS certificate errors will be ignored for this session
JavaScript error: https://www.tiff.net/popper.js, line 1: SyntaxError: expected expression, got '<'
JavaScript error: https://www.tiff.net/popper.js, line 1: SyntaxError: expected expression, got '<'
JavaScript warning: https://pagead2.googlesyndication.com/bg/b_DSvT5BjDf3L7mXasT585du80JYgOthzDrRF7aJqH4.js line 2 > eval line 5506 > eval line 1 > eval line 1 > eval, line 1: WEBGL_debug_renderer_info is deprecated in Firefox and will be removed. Please use RENDERER.
JavaScript warning: https://pagead2.googlesyndication.com/bg/b_DSvT5BjDf3L7mXasT585du80JYgOthzDrRF7aJqH4.js line 2 > eval line 5753 > eval line 1 > eval line 1 > eval, line 1: WEBGL_debug_renderer_info is deprecated in Firefox and will be removed. Please use RENDERER.
JavaScript error: https://www.tiff.net/popper.js, line 1: SyntaxError: expected expression, got '<'
1653868943422	Marionette	INFO	Stopped listening on port 35577
